[0829/091700.669:ERROR:settings.cc(320)] Settings magic is not 1129342067
[0907/190919.587:ERROR:settings.cc(320)] Settings magic is not 1129342067
[0928/101608.561:ERROR:settings.cc(320)] Settings magic is not 1129342067
[1009/101657.781:ERROR:directory_reader_win.cc(43)] FindFirstFile: The system cannot find the path specified. (0x3)
[1010/102303.588:ERROR:directory_reader_win.cc(43)] FindFirstFile: The system cannot find the path specified. (0x3)
[1014/094127.440:ERROR:directory_reader_win.cc(43)] FindFirstFile: The system cannot find the path specified. (0x3)
[1015/101405.919:ERROR:directory_reader_win.cc(43)] FindFirstFile: The system cannot find the path specified. (0x3)
[1015/111933.492:ERROR:directory_reader_win.cc(43)] FindFirstFile: The system cannot find the path specified. (0x3)
[1015/142641.039:ERROR:filesystem_win.cc(129)] GetFileAttributes C:\Users\A\AppData\Local\Google\Chrome\User Data\Crashpad\attachments\85270237-c27c-4f24-8e92-fee08cd8d65c: The system cannot find the path specified. (0x3)
[1016/094503.688:ERROR:directory_reader_win.cc(43)] FindFirstFile: The system cannot find the path specified. (0x3)
[1018/095647.274:ERROR:directory_reader_win.cc(43)] FindFirstFile: The system cannot find the path specified. (0x3)
[1018/130303.361:ERROR:directory_reader_win.cc(43)] FindFirstFile: The system cannot find the path specified. (0x3)
[1020/092633.003:ERROR:directory_reader_win.cc(43)] FindFirstFile: The system cannot find the path specified. (0x3)
[1020/212724.105:ERROR:directory_reader_win.cc(43)] FindFirstFile: The system cannot find the path specified. (0x3)
[1021/094838.023:ERROR:directory_reader_win.cc(43)] FindFirstFile: The system cannot find the path specified. (0x3)
[1021/094838.128:ERROR:filesystem_win.cc(129)] GetFileAttributes C:\Users\A\AppData\Local\Google\Chrome\User Data\Crashpad\attachments\15e7ad77-6785-43b6-af28-623d3a6d186d: The system cannot find the path specified. (0x3)
[1021/133806.923:ERROR:filesystem_win.cc(129)] GetFileAttributes C:\Users\A\AppData\Local\Google\Chrome\User Data\Crashpad\attachments\26db5cdb-073b-4c0a-9928-a045a4e333d5: The system cannot find the path specified. (0x3)
[1021/155721.405:ERROR:filesystem_win.cc(129)] GetFileAttributes C:\Users\A\AppData\Local\Google\Chrome\User Data\Crashpad\attachments\576111cf-e156-4a25-a706-a249836a6c0d: The system cannot find the path specified. (0x3)
[1022/100617.342:ERROR:directory_reader_win.cc(43)] FindFirstFile: The system cannot find the path specified. (0x3)
[1031/094503.300:ERROR:directory_reader_win.cc(43)] FindFirstFile: The system cannot find the path specified. (0x3)
[1105/094847.852:ERROR:directory_reader_win.cc(43)] FindFirstFile: The system cannot find the path specified. (0x3)
[1106/104017.084:ERROR:directory_reader_win.cc(43)] FindFirstFile: The system cannot find the path specified. (0x3)
[1118/090700.115:ERROR:directory_reader_win.cc(43)] FindFirstFile: The system cannot find the path specified. (0x3)
[1118/090700.223:ERROR:filesystem_win.cc(129)] GetFileAttributes C:\Users\A\AppData\Local\Google\Chrome\User Data\Crashpad\attachments\9c6cef63-80fa-4230-b530-dc18f6bd9479: The system cannot find the path specified. (0x3)
[1119/093914.027:ERROR:directory_reader_win.cc(43)] FindFirstFile: The system cannot find the path specified. (0x3)
[1119/143743.532:ERROR:filesystem_win.cc(129)] GetFileAttributes C:\Users\A\AppData\Local\Google\Chrome\User Data\Crashpad\attachments\a7d21d95-40e5-47a9-9303-74c41b652f5a: The system cannot find the path specified. (0x3)
[1124/060313.268:ERROR:directory_reader_win.cc(43)] FindFirstFile: The system cannot find the path specified. (0x3)
[1202/093013.038:ERROR:directory_reader_win.cc(43)] FindFirstFile: The system cannot find the path specified. (0x3)
[1203/104652.896:ERROR:directory_reader_win.cc(43)] FindFirstFile: The system cannot find the path specified. (0x3)
[1203/134920.396:ERROR:directory_reader_win.cc(43)] FindFirstFile: The system cannot find the path specified. (0x3)
[1203/154709.270:ERROR:filesystem_win.cc(129)] GetFileAttributes C:\Users\A\AppData\Local\Google\Chrome\User Data\Crashpad\attachments\3910bf7c-70d8-4b84-a41e-ea2c6b5c8cf4: The system cannot find the path specified. (0x3)
[1208/094520.500:ERROR:directory_reader_win.cc(43)] FindFirstFile: The system cannot find the path specified. (0x3)
[1208/133151.177:ERROR:filesystem_win.cc(129)] GetFileAttributes C:\Users\A\AppData\Local\Google\Chrome\User Data\Crashpad\attachments\d32707a1-8123-44fa-b1d0-19d6992ae094: The system cannot find the path specified. (0x3)
[1209/095519.155:ERROR:directory_reader_win.cc(43)] FindFirstFile: The system cannot find the path specified. (0x3)
[1210/101049.224:ERROR:directory_reader_win.cc(43)] FindFirstFile: The system cannot find the path specified. (0x3)
[1210/122617.564:ERROR:directory_reader_win.cc(43)] FindFirstFile: The system cannot find the path specified. (0x3)
[1210/132316.619:ERROR:directory_reader_win.cc(43)] FindFirstFile: The system cannot find the path specified. (0x3)
[1212/124745.280:ERROR:directory_reader_win.cc(43)] FindFirstFile: The system cannot find the path specified. (0x3)
[1215/103748.456:ERROR:directory_reader_win.cc(43)] FindFirstFile: The system cannot find the path specified. (0x3)
[1216/104605.677:ERROR:filesystem_win.cc(129)] GetFileAttributes C:\Users\A\AppData\Local\Google\Chrome\User Data\Crashpad\attachments\1f810e62-3360-41a7-aa83-065e10838dce: The system cannot find the path specified. (0x3)
[1217/104608.978:ERROR:directory_reader_win.cc(43)] FindFirstFile: The system cannot find the path specified. (0x3)
[1217/112419.249:ERROR:directory_reader_win.cc(43)] FindFirstFile: The system cannot find the path specified. (0x3)
[1218/095130.067:ERROR:directory_reader_win.cc(43)] FindFirstFile: The system cannot find the path specified. (0x3)
[1218/095130.187:ERROR:filesystem_win.cc(129)] GetFileAttributes C:\Users\A\AppData\Local\Google\Chrome\User Data\Crashpad\attachments\6442de2c-5910-41cb-adf1-8c5fe38260d8: The system cannot find the path specified. (0x3)
[1222/093740.579:ERROR:directory_reader_win.cc(43)] FindFirstFile: The system cannot find the path specified. (0x3)
[1223/094510.172:ERROR:directory_reader_win.cc(43)] FindFirstFile: The system cannot find the path specified. (0x3)
[1223/094510.297:ERROR:filesystem_win.cc(129)] GetFileAttributes C:\Users\A\AppData\Local\Google\Chrome\User Data\Crashpad\attachments\48a79f87-2ec9-49dc-9f1a-777670eeed38: The system cannot find the path specified. (0x3)
[1225/104957.895:ERROR:directory_reader_win.cc(43)] FindFirstFile: The system cannot find the path specified. (0x3)
[1225/104958.109:ERROR:filesystem_win.cc(129)] GetFileAttributes C:\Users\A\AppData\Local\Google\Chrome\User Data\Crashpad\attachments\3978fb1d-4581-4d62-8461-18d3ae6995ef: The system cannot find the path specified. (0x3)
[1225/104958.200:ERROR:filesystem_win.cc(129)] GetFileAttributes C:\Users\A\AppData\Local\Google\Chrome\User Data\Crashpad\attachments\5a47260b-d218-4ad9-921a-6fcd486e8948: The system cannot find the path specified. (0x3)
[1225/104958.220:ERROR:filesystem_win.cc(129)] GetFileAttributes C:\Users\A\AppData\Local\Google\Chrome\User Data\Crashpad\attachments\401f2cfb-2e85-4b02-af65-ece88ae70085: The system cannot find the path specified. (0x3)
[1225/104958.331:ERROR:filesystem_win.cc(129)] GetFileAttributes C:\Users\A\AppData\Local\Google\Chrome\User Data\Crashpad\attachments\f6638ea5-1f6b-45ab-a551-aa5a98ac7cb1: The system cannot find the path specified. (0x3)
[1225/130918.116:ERROR:filesystem_win.cc(129)] GetFileAttributes C:\Users\A\AppData\Local\Google\Chrome\User Data\Crashpad\attachments\8d1e5183-2ca1-4604-bda9-9f515ea7be70: The system cannot find the path specified. (0x3)
[1226/103653.864:ERROR:directory_reader_win.cc(43)] FindFirstFile: The system cannot find the path specified. (0x3)
[1226/103653.932:ERROR:filesystem_win.cc(129)] GetFileAttributes C:\Users\A\AppData\Local\Google\Chrome\User Data\Crashpad\attachments\97cfe574-f40a-466c-8901-28f36121b7ee: The system cannot find the path specified. (0x3)
[1226/103653.941:ERROR:filesystem_win.cc(129)] GetFileAttributes C:\Users\A\AppData\Local\Google\Chrome\User Data\Crashpad\attachments\f16df0a8-98c1-4971-b149-09766c831153: The system cannot find the path specified. (0x3)
[1229/094000.940:ERROR:directory_reader_win.cc(43)] FindFirstFile: The system cannot find the path specified. (0x3)
[1229/094001.211:ERROR:filesystem_win.cc(129)] GetFileAttributes C:\Users\A\AppData\Local\Google\Chrome\User Data\Crashpad\attachments\59884a65-c7c9-4f88-a758-e4c526f29fce: The system cannot find the path specified. (0x3)
[1229/094001.227:ERROR:filesystem_win.cc(129)] GetFileAttributes C:\Users\A\AppData\Local\Google\Chrome\User Data\Crashpad\attachments\9376ab5d-3636-4dde-b6ca-af1dab839486: The system cannot find the path specified. (0x3)
[1231/104336.099:ERROR:directory_reader_win.cc(43)] FindFirstFile: The system cannot find the path specified. (0x3)
[0111/174642.620:ERROR:directory_reader_win.cc(43)] FindFirstFile: The system cannot find the path specified. (0x3)
[0113/093457.889:ERROR:directory_reader_win.cc(43)] FindFirstFile: The system cannot find the path specified. (0x3)
[0113/093457.984:ERROR:filesystem_win.cc(129)] GetFileAttributes C:\Users\A\AppData\Local\Google\Chrome\User Data\Crashpad\attachments\f7fb4cac-ef20-4509-8ad8-495ad9b0158d: The system cannot find the path specified. (0x3)
[0119/104512.411:ERROR:directory_reader_win.cc(43)] FindFirstFile: The system cannot find the path specified. (0x3)
[0119/123434.766:ERROR:directory_reader_win.cc(43)] FindFirstFile: The system cannot find the path specified. (0x3)
[0119/131438.141:ERROR:directory_reader_win.cc(43)] FindFirstFile: The system cannot find the path specified. (0x3)
[0120/094628.600:ERROR:directory_reader_win.cc(43)] FindFirstFile: The system cannot find the path specified. (0x3)
[0120/174417.308:ERROR:process_reader_win.cc(123)] NtOpenThread: {Access Denied} A process has requested access to an object, but has not been granted those access rights. (0xc0000022)
[0120/174417.355:ERROR:process_reader_win.cc(123)] NtOpenThread: {Access Denied} A process has requested access to an object, but has not been granted those access rights. (0xc0000022)
[0120/174417.308:ERROR:process_reader_win.cc(123)] NtOpenThread: {Access Denied} A process has requested access to an object, but has not been granted those access rights. (0xc0000022)
[0120/174417.308:ERROR:process_reader_win.cc(123)] NtOpenThread: {Access Denied} A process has requested access to an object, but has not been granted those access rights. (0xc0000022)
[0120/174417.339:ERROR:process_reader_win.cc(123)] NtOpenThread: {Access Denied} A process has requested access to an object, but has not been granted those access rights. (0xc0000022)
[0120/174417.433:ERROR:exception_snapshot_win.cc(99)] thread ID 12920 not found in process
[0120/174417.433:ERROR:exception_snapshot_win.cc(99)] thread ID 12832 not found in process
[0120/174417.449:ERROR:exception_snapshot_win.cc(99)] thread ID 1600 not found in process
[0120/174417.433:ERROR:exception_snapshot_win.cc(99)] thread ID 2456 not found in process
[0120/174417.433:ERROR:exception_snapshot_win.cc(99)] thread ID 4796 not found in process
[0121/094530.119:ERROR:directory_reader_win.cc(43)] FindFirstFile: The system cannot find the path specified. (0x3)
[0121/094530.239:ERROR:filesystem_win.cc(129)] GetFileAttributes C:\Users\A\AppData\Local\Google\Chrome\User Data\Crashpad\attachments\73cb69e3-9167-439c-9bf5-77731413b961: The system cannot find the path specified. (0x3)
[0121/094530.346:ERROR:filesystem_win.cc(129)] GetFileAttributes C:\Users\A\AppData\Local\Google\Chrome\User Data\Crashpad\attachments\79f35483-9df2-413f-9f0f-4aeec5a6d780: The system cannot find the path specified. (0x3)
[0121/222107.932:ERROR:directory_reader_win.cc(43)] FindFirstFile: The system cannot find the path specified. (0x3)
[0121/225137.022:ERROR:filesystem_win.cc(129)] GetFileAttributes C:\Users\A\AppData\Local\Google\Chrome\User Data\Crashpad\attachments\836b863c-466b-4416-930a-349532808e68: The system cannot find the path specified. (0x3)
[0122/100519.672:ERROR:directory_reader_win.cc(43)] FindFirstFile: The system cannot find the path specified. (0x3)
[0122/114500.994:ERROR:filesystem_win.cc(129)] GetFileAttributes C:\Users\A\AppData\Local\Google\Chrome\User Data\Crashpad\attachments\26da5b56-de3b-4427-a568-b19a7170687b: The system cannot find the path specified. (0x3)
[0122/164130.942:ERROR:filesystem_win.cc(129)] GetFileAttributes C:\Users\A\AppData\Local\Google\Chrome\User Data\Crashpad\attachments\5b7e0626-3d22-4b2d-9324-271918fae048: The system cannot find the path specified. (0x3)
